e:\projects\gongchengjichu\prj_darwin_vs_fix-master-c474626d1752782be9e310331f4fb1a095ff4a9b\src\mp3broadcaster\debug\mp3broadcaster_2022.bsc
e:\projects\gongchengjichu\prj_darwin_vs_fix-master-c474626d1752782be9e310331f4fb1a095ff4a9b\src\mp3broadcaster\debug\vc143.pdb
e:\projects\gongchengjichu\prj_darwin_vs_fix-master-c474626d1752782be9e310331f4fb1a095ff4a9b\src\mp3broadcaster\debug\broadcastermain.sbr
e:\projects\gongchengjichu\prj_darwin_vs_fix-master-c474626d1752782be9e310331f4fb1a095ff4a9b\src\mp3broadcaster\debug\mp3broadcaster.sbr
e:\projects\gongchengjichu\prj_darwin_vs_fix-master-c474626d1752782be9e310331f4fb1a095ff4a9b\src\mp3broadcaster\debug\mp3broadcasterlog.sbr
e:\projects\gongchengjichu\prj_darwin_vs_fix-master-c474626d1752782be9e310331f4fb1a095ff4a9b\src\mp3broadcaster\debug\mp3filebroadcaster.sbr
e:\projects\gongchengjichu\prj_darwin_vs_fix-master-c474626d1752782be9e310331f4fb1a095ff4a9b\src\mp3broadcaster\debug\mp3metainfoupdater.sbr
e:\projects\gongchengjichu\prj_darwin_vs_fix-master-c474626d1752782be9e310331f4fb1a095ff4a9b\src\mp3broadcaster\debug\norepeat.sbr
e:\projects\gongchengjichu\prj_darwin_vs_fix-master-c474626d1752782be9e310331f4fb1a095ff4a9b\src\mp3broadcaster\debug\osmemory.sbr
e:\projects\gongchengjichu\prj_darwin_vs_fix-master-c474626d1752782be9e310331f4fb1a095ff4a9b\src\mp3broadcaster\debug\pickerfromfile.sbr
e:\projects\gongchengjichu\prj_darwin_vs_fix-master-c474626d1752782be9e310331f4fb1a095ff4a9b\src\mp3broadcaster\debug\playlistpicker.sbr
e:\projects\gongchengjichu\prj_darwin_vs_fix-master-c474626d1752782be9e310331f4fb1a095ff4a9b\src\mp3broadcaster\debug\playlistpicker.obj
e:\projects\gongchengjichu\prj_darwin_vs_fix-master-c474626d1752782be9e310331f4fb1a095ff4a9b\src\mp3broadcaster\debug\pickerfromfile.obj
e:\projects\gongchengjichu\prj_darwin_vs_fix-master-c474626d1752782be9e310331f4fb1a095ff4a9b\src\mp3broadcaster\debug\osmemory.obj
e:\projects\gongchengjichu\prj_darwin_vs_fix-master-c474626d1752782be9e310331f4fb1a095ff4a9b\src\mp3broadcaster\debug\norepeat.obj
e:\projects\gongchengjichu\prj_darwin_vs_fix-master-c474626d1752782be9e310331f4fb1a095ff4a9b\src\mp3broadcaster\debug\mp3metainfoupdater.obj
e:\projects\gongchengjichu\prj_darwin_vs_fix-master-c474626d1752782be9e310331f4fb1a095ff4a9b\src\mp3broadcaster\debug\mp3filebroadcaster.obj
e:\projects\gongchengjichu\prj_darwin_vs_fix-master-c474626d1752782be9e310331f4fb1a095ff4a9b\src\mp3broadcaster\debug\mp3broadcasterlog.obj
e:\projects\gongchengjichu\prj_darwin_vs_fix-master-c474626d1752782be9e310331f4fb1a095ff4a9b\src\mp3broadcaster\debug\mp3broadcaster.obj
e:\projects\gongchengjichu\prj_darwin_vs_fix-master-c474626d1752782be9e310331f4fb1a095ff4a9b\src\mp3broadcaster\debug\broadcastermain.obj
e:\projects\gongchengjichu\prj_darwin_vs_fix-master-c474626d1752782be9e310331f4fb1a095ff4a9b\src\winntsupport\debug\mp3broadcaster_2022.exe
e:\projects\gongchengjichu\prj_darwin_vs_fix-master-c474626d1752782be9e310331f4fb1a095ff4a9b\src\mp3broadcaster\debug\mp3broadcaster_2022.pdb
e:\projects\gongchengjichu\prj_darwin_vs_fix-master-c474626d1752782be9e310331f4fb1a095ff4a9b\src\mp3broadcaster\debug\mp3broadcaster_2022.ilk
e:\projects\gongchengjichu\prj_darwin_vs_fix-master-c474626d1752782be9e310331f4fb1a095ff4a9b\src\mp3broadcaster\debug\mp3broad.0a780f37.tlog\bscmake.command.1.tlog
e:\projects\gongchengjichu\prj_darwin_vs_fix-master-c474626d1752782be9e310331f4fb1a095ff4a9b\src\mp3broadcaster\debug\mp3broad.0a780f37.tlog\bscmake.read.1.tlog
e:\projects\gongchengjichu\prj_darwin_vs_fix-master-c474626d1752782be9e310331f4fb1a095ff4a9b\src\mp3broadcaster\debug\mp3broad.0a780f37.tlog\bscmake.write.1.tlog
e:\projects\gongchengjichu\prj_darwin_vs_fix-master-c474626d1752782be9e310331f4fb1a095ff4a9b\src\mp3broadcaster\debug\mp3broad.0a780f37.tlog\cl.command.1.tlog
e:\projects\gongchengjichu\prj_darwin_vs_fix-master-c474626d1752782be9e310331f4fb1a095ff4a9b\src\mp3broadcaster\debug\mp3broad.0a780f37.tlog\cl.items.tlog
e:\projects\gongchengjichu\prj_darwin_vs_fix-master-c474626d1752782be9e310331f4fb1a095ff4a9b\src\mp3broadcaster\debug\mp3broad.0a780f37.tlog\cl.read.1.tlog
e:\projects\gongchengjichu\prj_darwin_vs_fix-master-c474626d1752782be9e310331f4fb1a095ff4a9b\src\mp3broadcaster\debug\mp3broad.0a780f37.tlog\cl.write.1.tlog
e:\projects\gongchengjichu\prj_darwin_vs_fix-master-c474626d1752782be9e310331f4fb1a095ff4a9b\src\mp3broadcaster\debug\mp3broad.0a780f37.tlog\link.command.1.tlog
e:\projects\gongchengjichu\prj_darwin_vs_fix-master-c474626d1752782be9e310331f4fb1a095ff4a9b\src\mp3broadcaster\debug\mp3broad.0a780f37.tlog\link.read.1.tlog
e:\projects\gongchengjichu\prj_darwin_vs_fix-master-c474626d1752782be9e310331f4fb1a095ff4a9b\src\mp3broadcaster\debug\mp3broad.0a780f37.tlog\link.secondary.1.tlog
e:\projects\gongchengjichu\prj_darwin_vs_fix-master-c474626d1752782be9e310331f4fb1a095ff4a9b\src\mp3broadcaster\debug\mp3broad.0a780f37.tlog\link.write.1.tlog
