e:\projects\gongchengjichu\prj_darwin_vs_fix-master-c474626d1752782be9e310331f4fb1a095ff4a9b\src\qtpasswd.tproj\debug\qtpasswd_2022.bsc
e:\projects\gongchengjichu\prj_darwin_vs_fix-master-c474626d1752782be9e310331f4fb1a095ff4a9b\src\qtpasswd.tproj\debug\vc143.pdb
e:\projects\gongchengjichu\prj_darwin_vs_fix-master-c474626d1752782be9e310331f4fb1a095ff4a9b\src\qtpasswd.tproj\debug\osmemory.sbr
e:\projects\gongchengjichu\prj_darwin_vs_fix-master-c474626d1752782be9e310331f4fb1a095ff4a9b\src\qtpasswd.tproj\debug\qtsspasswd.sbr
e:\projects\gongchengjichu\prj_darwin_vs_fix-master-c474626d1752782be9e310331f4fb1a095ff4a9b\src\qtpasswd.tproj\debug\qtsspasswd.obj
e:\projects\gongchengjichu\prj_darwin_vs_fix-master-c474626d1752782be9e310331f4fb1a095ff4a9b\src\qtpasswd.tproj\debug\osmemory.obj
e:\projects\gongchengjichu\prj_darwin_vs_fix-master-c474626d1752782be9e310331f4fb1a095ff4a9b\src\winntsupport\debug\qtpasswd_2022.exe
e:\projects\gongchengjichu\prj_darwin_vs_fix-master-c474626d1752782be9e310331f4fb1a095ff4a9b\src\qtpasswd.tproj\debug\qtpasswd_2022.pdb
e:\projects\gongchengjichu\prj_darwin_vs_fix-master-c474626d1752782be9e310331f4fb1a095ff4a9b\src\qtpasswd.tproj\debug\qtpasswd_2022.ilk
e:\projects\gongchengjichu\prj_darwin_vs_fix-master-c474626d1752782be9e310331f4fb1a095ff4a9b\src\qtpasswd.tproj\debug\qtpasswd_2022.tlog\bscmake.command.1.tlog
e:\projects\gongchengjichu\prj_darwin_vs_fix-master-c474626d1752782be9e310331f4fb1a095ff4a9b\src\qtpasswd.tproj\debug\qtpasswd_2022.tlog\bscmake.read.1.tlog
e:\projects\gongchengjichu\prj_darwin_vs_fix-master-c474626d1752782be9e310331f4fb1a095ff4a9b\src\qtpasswd.tproj\debug\qtpasswd_2022.tlog\bscmake.write.1.tlog
e:\projects\gongchengjichu\prj_darwin_vs_fix-master-c474626d1752782be9e310331f4fb1a095ff4a9b\src\qtpasswd.tproj\debug\qtpasswd_2022.tlog\cl.command.1.tlog
e:\projects\gongchengjichu\prj_darwin_vs_fix-master-c474626d1752782be9e310331f4fb1a095ff4a9b\src\qtpasswd.tproj\debug\qtpasswd_2022.tlog\cl.items.tlog
e:\projects\gongchengjichu\prj_darwin_vs_fix-master-c474626d1752782be9e310331f4fb1a095ff4a9b\src\qtpasswd.tproj\debug\qtpasswd_2022.tlog\cl.read.1.tlog
e:\projects\gongchengjichu\prj_darwin_vs_fix-master-c474626d1752782be9e310331f4fb1a095ff4a9b\src\qtpasswd.tproj\debug\qtpasswd_2022.tlog\cl.write.1.tlog
e:\projects\gongchengjichu\prj_darwin_vs_fix-master-c474626d1752782be9e310331f4fb1a095ff4a9b\src\qtpasswd.tproj\debug\qtpasswd_2022.tlog\link.command.1.tlog
e:\projects\gongchengjichu\prj_darwin_vs_fix-master-c474626d1752782be9e310331f4fb1a095ff4a9b\src\qtpasswd.tproj\debug\qtpasswd_2022.tlog\link.read.1.tlog
e:\projects\gongchengjichu\prj_darwin_vs_fix-master-c474626d1752782be9e310331f4fb1a095ff4a9b\src\qtpasswd.tproj\debug\qtpasswd_2022.tlog\link.secondary.1.tlog
e:\projects\gongchengjichu\prj_darwin_vs_fix-master-c474626d1752782be9e310331f4fb1a095ff4a9b\src\qtpasswd.tproj\debug\qtpasswd_2022.tlog\link.write.1.tlog
