  BroadcasterSession.cpp
  BroadcastLog.cpp
  ClientSocket.cpp
  NoRepeat.cpp
  OSMemory.cpp
  PickerFromFile.cpp
  playlist_broadcaster.cpp
  playlist_elements.cpp
  playlist_lists.cpp
  playlist_parsers.cpp
  playlist_QTRTPBroadcastFile.cpp
  playlist_SDPGen.cpp
  playlist_SimpleParse.cpp
  playlist_utils.cpp
  PlaylistBroadcaster.cpp
  PlaylistPicker.cpp
  PLBroadcastDef.cpp
  QueryParamList.cpp
  ResizeableStringFormatter.cpp
  RTSPClient.cpp
  正在生成代码...
  PlaylistBroadcaster_2022.vcxproj -> E:\Projects\GongChengJiChu\prj_Darwin_VS_fix-master-c474626d1752782be9e310331f4fb1a095ff4a9b\src\PlaylistBroadcaster.tproj\Debug\PlaylistBroadcaster_2022.exe
