  atomic.cpp
  ConfParser.cpp
  DateTranslator.cpp
  EventContext.cpp
  IdleTask.cpp
  md5digest.cpp
  MyAssert.cpp
  OS.cpp
  OSBufferPool.cpp
  OSCodeFragment.cpp
  OSCond.cpp
  OSFileSource.cpp
  OSHeap.cpp
  OSMutex.cpp
  OSMutexRW.cpp
  OSQueue.cpp
  OSRef.cpp
  OSThread.cpp
  ResizeableStringFormatter.cpp
  SDPUtils.cpp
  正在生成代码...
  正在编译...
  Socket.cpp
  SocketUtils.cpp
  StringFormatter.cpp
  StringParser.cpp
  StringTranslator.cpp
  StrPtrLen.cpp
  Task.cpp
  TCPListenerSocket.cpp
  TCPSocket.cpp
  TimeoutTask.cpp
  UDPDemuxer.cpp
  UDPSocket.cpp
  UDPSocketPool.cpp
  UserAgentParser.cpp
  win32ev.cpp
  正在生成代码...
  base64.c
  getopt.c
  GetWord.c
  md5.c
  Trim.c
  正在生成代码...
  CommonUtilitiesLib_2022.vcxproj -> E:\Projects\GongChengJiChu\prj_Darwin_VS_fix-master-c474626d1752782be9e310331f4fb1a095ff4a9b\src\CommonUtilitiesLib\Debug\CommonUtilitiesLib_2022.lib
