e:\projects\gongchengjichu\prj_darwin_vs_fix-master-c474626d1752782be9e310331f4fb1a095ff4a9b\src\commonutilitieslib\debug\commonutilitieslib_2022.bsc
e:\projects\gongchengjichu\prj_darwin_vs_fix-master-c474626d1752782be9e310331f4fb1a095ff4a9b\src\commonutilitieslib\debug\commonutilitieslib_2022.pdb
e:\projects\gongchengjichu\prj_darwin_vs_fix-master-c474626d1752782be9e310331f4fb1a095ff4a9b\src\commonutilitieslib\debug\atomic.sbr
e:\projects\gongchengjichu\prj_darwin_vs_fix-master-c474626d1752782be9e310331f4fb1a095ff4a9b\src\commonutilitieslib\debug\confparser.sbr
e:\projects\gongchengjichu\prj_darwin_vs_fix-master-c474626d1752782be9e310331f4fb1a095ff4a9b\src\commonutilitieslib\debug\datetranslator.sbr
e:\projects\gongchengjichu\prj_darwin_vs_fix-master-c474626d1752782be9e310331f4fb1a095ff4a9b\src\commonutilitieslib\debug\eventcontext.sbr
e:\projects\gongchengjichu\prj_darwin_vs_fix-master-c474626d1752782be9e310331f4fb1a095ff4a9b\src\commonutilitieslib\debug\idletask.sbr
e:\projects\gongchengjichu\prj_darwin_vs_fix-master-c474626d1752782be9e310331f4fb1a095ff4a9b\src\commonutilitieslib\debug\md5digest.sbr
e:\projects\gongchengjichu\prj_darwin_vs_fix-master-c474626d1752782be9e310331f4fb1a095ff4a9b\src\commonutilitieslib\debug\myassert.sbr
e:\projects\gongchengjichu\prj_darwin_vs_fix-master-c474626d1752782be9e310331f4fb1a095ff4a9b\src\commonutilitieslib\debug\os.sbr
e:\projects\gongchengjichu\prj_darwin_vs_fix-master-c474626d1752782be9e310331f4fb1a095ff4a9b\src\commonutilitieslib\debug\osbufferpool.sbr
e:\projects\gongchengjichu\prj_darwin_vs_fix-master-c474626d1752782be9e310331f4fb1a095ff4a9b\src\commonutilitieslib\debug\oscodefragment.sbr
e:\projects\gongchengjichu\prj_darwin_vs_fix-master-c474626d1752782be9e310331f4fb1a095ff4a9b\src\commonutilitieslib\debug\oscond.sbr
e:\projects\gongchengjichu\prj_darwin_vs_fix-master-c474626d1752782be9e310331f4fb1a095ff4a9b\src\commonutilitieslib\debug\osfilesource.sbr
e:\projects\gongchengjichu\prj_darwin_vs_fix-master-c474626d1752782be9e310331f4fb1a095ff4a9b\src\commonutilitieslib\debug\osheap.sbr
e:\projects\gongchengjichu\prj_darwin_vs_fix-master-c474626d1752782be9e310331f4fb1a095ff4a9b\src\commonutilitieslib\debug\osmutex.sbr
e:\projects\gongchengjichu\prj_darwin_vs_fix-master-c474626d1752782be9e310331f4fb1a095ff4a9b\src\commonutilitieslib\debug\osmutexrw.sbr
e:\projects\gongchengjichu\prj_darwin_vs_fix-master-c474626d1752782be9e310331f4fb1a095ff4a9b\src\commonutilitieslib\debug\osqueue.sbr
e:\projects\gongchengjichu\prj_darwin_vs_fix-master-c474626d1752782be9e310331f4fb1a095ff4a9b\src\commonutilitieslib\debug\osref.sbr
e:\projects\gongchengjichu\prj_darwin_vs_fix-master-c474626d1752782be9e310331f4fb1a095ff4a9b\src\commonutilitieslib\debug\osthread.sbr
e:\projects\gongchengjichu\prj_darwin_vs_fix-master-c474626d1752782be9e310331f4fb1a095ff4a9b\src\commonutilitieslib\debug\resizeablestringformatter.sbr
e:\projects\gongchengjichu\prj_darwin_vs_fix-master-c474626d1752782be9e310331f4fb1a095ff4a9b\src\commonutilitieslib\debug\sdputils.sbr
e:\projects\gongchengjichu\prj_darwin_vs_fix-master-c474626d1752782be9e310331f4fb1a095ff4a9b\src\commonutilitieslib\debug\sdputils.obj
e:\projects\gongchengjichu\prj_darwin_vs_fix-master-c474626d1752782be9e310331f4fb1a095ff4a9b\src\commonutilitieslib\debug\resizeablestringformatter.obj
e:\projects\gongchengjichu\prj_darwin_vs_fix-master-c474626d1752782be9e310331f4fb1a095ff4a9b\src\commonutilitieslib\debug\osthread.obj
e:\projects\gongchengjichu\prj_darwin_vs_fix-master-c474626d1752782be9e310331f4fb1a095ff4a9b\src\commonutilitieslib\debug\osref.obj
e:\projects\gongchengjichu\prj_darwin_vs_fix-master-c474626d1752782be9e310331f4fb1a095ff4a9b\src\commonutilitieslib\debug\osqueue.obj
e:\projects\gongchengjichu\prj_darwin_vs_fix-master-c474626d1752782be9e310331f4fb1a095ff4a9b\src\commonutilitieslib\debug\osmutexrw.obj
e:\projects\gongchengjichu\prj_darwin_vs_fix-master-c474626d1752782be9e310331f4fb1a095ff4a9b\src\commonutilitieslib\debug\osmutex.obj
e:\projects\gongchengjichu\prj_darwin_vs_fix-master-c474626d1752782be9e310331f4fb1a095ff4a9b\src\commonutilitieslib\debug\osheap.obj
e:\projects\gongchengjichu\prj_darwin_vs_fix-master-c474626d1752782be9e310331f4fb1a095ff4a9b\src\commonutilitieslib\debug\osfilesource.obj
e:\projects\gongchengjichu\prj_darwin_vs_fix-master-c474626d1752782be9e310331f4fb1a095ff4a9b\src\commonutilitieslib\debug\oscond.obj
e:\projects\gongchengjichu\prj_darwin_vs_fix-master-c474626d1752782be9e310331f4fb1a095ff4a9b\src\commonutilitieslib\debug\oscodefragment.obj
e:\projects\gongchengjichu\prj_darwin_vs_fix-master-c474626d1752782be9e310331f4fb1a095ff4a9b\src\commonutilitieslib\debug\osbufferpool.obj
e:\projects\gongchengjichu\prj_darwin_vs_fix-master-c474626d1752782be9e310331f4fb1a095ff4a9b\src\commonutilitieslib\debug\os.obj
e:\projects\gongchengjichu\prj_darwin_vs_fix-master-c474626d1752782be9e310331f4fb1a095ff4a9b\src\commonutilitieslib\debug\myassert.obj
e:\projects\gongchengjichu\prj_darwin_vs_fix-master-c474626d1752782be9e310331f4fb1a095ff4a9b\src\commonutilitieslib\debug\md5digest.obj
e:\projects\gongchengjichu\prj_darwin_vs_fix-master-c474626d1752782be9e310331f4fb1a095ff4a9b\src\commonutilitieslib\debug\idletask.obj
e:\projects\gongchengjichu\prj_darwin_vs_fix-master-c474626d1752782be9e310331f4fb1a095ff4a9b\src\commonutilitieslib\debug\eventcontext.obj
e:\projects\gongchengjichu\prj_darwin_vs_fix-master-c474626d1752782be9e310331f4fb1a095ff4a9b\src\commonutilitieslib\debug\datetranslator.obj
e:\projects\gongchengjichu\prj_darwin_vs_fix-master-c474626d1752782be9e310331f4fb1a095ff4a9b\src\commonutilitieslib\debug\confparser.obj
e:\projects\gongchengjichu\prj_darwin_vs_fix-master-c474626d1752782be9e310331f4fb1a095ff4a9b\src\commonutilitieslib\debug\atomic.obj
e:\projects\gongchengjichu\prj_darwin_vs_fix-master-c474626d1752782be9e310331f4fb1a095ff4a9b\src\commonutilitieslib\debug\socket.sbr
e:\projects\gongchengjichu\prj_darwin_vs_fix-master-c474626d1752782be9e310331f4fb1a095ff4a9b\src\commonutilitieslib\debug\socketutils.sbr
e:\projects\gongchengjichu\prj_darwin_vs_fix-master-c474626d1752782be9e310331f4fb1a095ff4a9b\src\commonutilitieslib\debug\stringformatter.sbr
e:\projects\gongchengjichu\prj_darwin_vs_fix-master-c474626d1752782be9e310331f4fb1a095ff4a9b\src\commonutilitieslib\debug\stringparser.sbr
e:\projects\gongchengjichu\prj_darwin_vs_fix-master-c474626d1752782be9e310331f4fb1a095ff4a9b\src\commonutilitieslib\debug\stringtranslator.sbr
e:\projects\gongchengjichu\prj_darwin_vs_fix-master-c474626d1752782be9e310331f4fb1a095ff4a9b\src\commonutilitieslib\debug\strptrlen.sbr
e:\projects\gongchengjichu\prj_darwin_vs_fix-master-c474626d1752782be9e310331f4fb1a095ff4a9b\src\commonutilitieslib\debug\task.sbr
e:\projects\gongchengjichu\prj_darwin_vs_fix-master-c474626d1752782be9e310331f4fb1a095ff4a9b\src\commonutilitieslib\debug\tcplistenersocket.sbr
e:\projects\gongchengjichu\prj_darwin_vs_fix-master-c474626d1752782be9e310331f4fb1a095ff4a9b\src\commonutilitieslib\debug\tcpsocket.sbr
e:\projects\gongchengjichu\prj_darwin_vs_fix-master-c474626d1752782be9e310331f4fb1a095ff4a9b\src\commonutilitieslib\debug\timeouttask.sbr
e:\projects\gongchengjichu\prj_darwin_vs_fix-master-c474626d1752782be9e310331f4fb1a095ff4a9b\src\commonutilitieslib\debug\udpdemuxer.sbr
e:\projects\gongchengjichu\prj_darwin_vs_fix-master-c474626d1752782be9e310331f4fb1a095ff4a9b\src\commonutilitieslib\debug\udpsocket.sbr
e:\projects\gongchengjichu\prj_darwin_vs_fix-master-c474626d1752782be9e310331f4fb1a095ff4a9b\src\commonutilitieslib\debug\udpsocketpool.sbr
e:\projects\gongchengjichu\prj_darwin_vs_fix-master-c474626d1752782be9e310331f4fb1a095ff4a9b\src\commonutilitieslib\debug\useragentparser.sbr
e:\projects\gongchengjichu\prj_darwin_vs_fix-master-c474626d1752782be9e310331f4fb1a095ff4a9b\src\commonutilitieslib\debug\win32ev.sbr
e:\projects\gongchengjichu\prj_darwin_vs_fix-master-c474626d1752782be9e310331f4fb1a095ff4a9b\src\commonutilitieslib\debug\win32ev.obj
e:\projects\gongchengjichu\prj_darwin_vs_fix-master-c474626d1752782be9e310331f4fb1a095ff4a9b\src\commonutilitieslib\debug\useragentparser.obj
e:\projects\gongchengjichu\prj_darwin_vs_fix-master-c474626d1752782be9e310331f4fb1a095ff4a9b\src\commonutilitieslib\debug\udpsocketpool.obj
e:\projects\gongchengjichu\prj_darwin_vs_fix-master-c474626d1752782be9e310331f4fb1a095ff4a9b\src\commonutilitieslib\debug\udpsocket.obj
e:\projects\gongchengjichu\prj_darwin_vs_fix-master-c474626d1752782be9e310331f4fb1a095ff4a9b\src\commonutilitieslib\debug\udpdemuxer.obj
e:\projects\gongchengjichu\prj_darwin_vs_fix-master-c474626d1752782be9e310331f4fb1a095ff4a9b\src\commonutilitieslib\debug\timeouttask.obj
e:\projects\gongchengjichu\prj_darwin_vs_fix-master-c474626d1752782be9e310331f4fb1a095ff4a9b\src\commonutilitieslib\debug\tcpsocket.obj
e:\projects\gongchengjichu\prj_darwin_vs_fix-master-c474626d1752782be9e310331f4fb1a095ff4a9b\src\commonutilitieslib\debug\tcplistenersocket.obj
e:\projects\gongchengjichu\prj_darwin_vs_fix-master-c474626d1752782be9e310331f4fb1a095ff4a9b\src\commonutilitieslib\debug\task.obj
e:\projects\gongchengjichu\prj_darwin_vs_fix-master-c474626d1752782be9e310331f4fb1a095ff4a9b\src\commonutilitieslib\debug\strptrlen.obj
e:\projects\gongchengjichu\prj_darwin_vs_fix-master-c474626d1752782be9e310331f4fb1a095ff4a9b\src\commonutilitieslib\debug\stringtranslator.obj
e:\projects\gongchengjichu\prj_darwin_vs_fix-master-c474626d1752782be9e310331f4fb1a095ff4a9b\src\commonutilitieslib\debug\stringparser.obj
e:\projects\gongchengjichu\prj_darwin_vs_fix-master-c474626d1752782be9e310331f4fb1a095ff4a9b\src\commonutilitieslib\debug\stringformatter.obj
e:\projects\gongchengjichu\prj_darwin_vs_fix-master-c474626d1752782be9e310331f4fb1a095ff4a9b\src\commonutilitieslib\debug\socketutils.obj
e:\projects\gongchengjichu\prj_darwin_vs_fix-master-c474626d1752782be9e310331f4fb1a095ff4a9b\src\commonutilitieslib\debug\socket.obj
e:\projects\gongchengjichu\prj_darwin_vs_fix-master-c474626d1752782be9e310331f4fb1a095ff4a9b\src\commonutilitieslib\debug\base64.sbr
e:\projects\gongchengjichu\prj_darwin_vs_fix-master-c474626d1752782be9e310331f4fb1a095ff4a9b\src\commonutilitieslib\debug\getopt.sbr
e:\projects\gongchengjichu\prj_darwin_vs_fix-master-c474626d1752782be9e310331f4fb1a095ff4a9b\src\commonutilitieslib\debug\getword.sbr
e:\projects\gongchengjichu\prj_darwin_vs_fix-master-c474626d1752782be9e310331f4fb1a095ff4a9b\src\commonutilitieslib\debug\md5.sbr
e:\projects\gongchengjichu\prj_darwin_vs_fix-master-c474626d1752782be9e310331f4fb1a095ff4a9b\src\commonutilitieslib\debug\trim.sbr
e:\projects\gongchengjichu\prj_darwin_vs_fix-master-c474626d1752782be9e310331f4fb1a095ff4a9b\src\commonutilitieslib\debug\trim.obj
e:\projects\gongchengjichu\prj_darwin_vs_fix-master-c474626d1752782be9e310331f4fb1a095ff4a9b\src\commonutilitieslib\debug\md5.obj
e:\projects\gongchengjichu\prj_darwin_vs_fix-master-c474626d1752782be9e310331f4fb1a095ff4a9b\src\commonutilitieslib\debug\getword.obj
e:\projects\gongchengjichu\prj_darwin_vs_fix-master-c474626d1752782be9e310331f4fb1a095ff4a9b\src\commonutilitieslib\debug\getopt.obj
e:\projects\gongchengjichu\prj_darwin_vs_fix-master-c474626d1752782be9e310331f4fb1a095ff4a9b\src\commonutilitieslib\debug\base64.obj
e:\projects\gongchengjichu\prj_darwin_vs_fix-master-c474626d1752782be9e310331f4fb1a095ff4a9b\src\commonutilitieslib\debug\commonutilitieslib_2022.lib
e:\projects\gongchengjichu\prj_darwin_vs_fix-master-c474626d1752782be9e310331f4fb1a095ff4a9b\src\commonutilitieslib\debug\commonut.bec889d2.tlog\bscmake.command.1.tlog
e:\projects\gongchengjichu\prj_darwin_vs_fix-master-c474626d1752782be9e310331f4fb1a095ff4a9b\src\commonutilitieslib\debug\commonut.bec889d2.tlog\bscmake.read.1.tlog
e:\projects\gongchengjichu\prj_darwin_vs_fix-master-c474626d1752782be9e310331f4fb1a095ff4a9b\src\commonutilitieslib\debug\commonut.bec889d2.tlog\bscmake.write.1.tlog
e:\projects\gongchengjichu\prj_darwin_vs_fix-master-c474626d1752782be9e310331f4fb1a095ff4a9b\src\commonutilitieslib\debug\commonut.bec889d2.tlog\cl.command.1.tlog
e:\projects\gongchengjichu\prj_darwin_vs_fix-master-c474626d1752782be9e310331f4fb1a095ff4a9b\src\commonutilitieslib\debug\commonut.bec889d2.tlog\cl.items.tlog
e:\projects\gongchengjichu\prj_darwin_vs_fix-master-c474626d1752782be9e310331f4fb1a095ff4a9b\src\commonutilitieslib\debug\commonut.bec889d2.tlog\cl.read.1.tlog
e:\projects\gongchengjichu\prj_darwin_vs_fix-master-c474626d1752782be9e310331f4fb1a095ff4a9b\src\commonutilitieslib\debug\commonut.bec889d2.tlog\cl.write.1.tlog
e:\projects\gongchengjichu\prj_darwin_vs_fix-master-c474626d1752782be9e310331f4fb1a095ff4a9b\src\commonutilitieslib\debug\commonut.bec889d2.tlog\lib-link.read.1.tlog
e:\projects\gongchengjichu\prj_darwin_vs_fix-master-c474626d1752782be9e310331f4fb1a095ff4a9b\src\commonutilitieslib\debug\commonut.bec889d2.tlog\lib-link.write.1.tlog
e:\projects\gongchengjichu\prj_darwin_vs_fix-master-c474626d1752782be9e310331f4fb1a095ff4a9b\src\commonutilitieslib\debug\commonut.bec889d2.tlog\lib.command.1.tlog
