e:\projects\gongchengjichu\prj_darwin_vs_fix-master-c474626d1752782be9e310331f4fb1a095ff4a9b\src\apimodules\qtssrawfilemodule.bproj\debug\qtssrawfilemodule_2022.bsc
e:\projects\gongchengjichu\prj_darwin_vs_fix-master-c474626d1752782be9e310331f4fb1a095ff4a9b\src\apimodules\qtssrawfilemodule.bproj\debug\vc143.pdb
e:\projects\gongchengjichu\prj_darwin_vs_fix-master-c474626d1752782be9e310331f4fb1a095ff4a9b\src\apimodules\qtssrawfilemodule.bproj\debug\osmemory_modules.sbr
e:\projects\gongchengjichu\prj_darwin_vs_fix-master-c474626d1752782be9e310331f4fb1a095ff4a9b\src\apimodules\qtssrawfilemodule.bproj\debug\qtssrawfilemodule.sbr
e:\projects\gongchengjichu\prj_darwin_vs_fix-master-c474626d1752782be9e310331f4fb1a095ff4a9b\src\apimodules\qtssrawfilemodule.bproj\debug\qtssrawfilemodule.obj
e:\projects\gongchengjichu\prj_darwin_vs_fix-master-c474626d1752782be9e310331f4fb1a095ff4a9b\src\apimodules\qtssrawfilemodule.bproj\debug\osmemory_modules.obj
e:\projects\gongchengjichu\prj_darwin_vs_fix-master-c474626d1752782be9e310331f4fb1a095ff4a9b\src\winntsupport\dynmodules_disabled\debug\qtssrawfilemodule.dll
e:\projects\gongchengjichu\prj_darwin_vs_fix-master-c474626d1752782be9e310331f4fb1a095ff4a9b\src\apimodules\qtssrawfilemodule.bproj\debug\qtssrawfilemodule_2022.pdb
e:\projects\gongchengjichu\prj_darwin_vs_fix-master-c474626d1752782be9e310331f4fb1a095ff4a9b\src\apimodules\qtssrawfilemodule.bproj\debug\qtssrawfilemodule.lib
e:\projects\gongchengjichu\prj_darwin_vs_fix-master-c474626d1752782be9e310331f4fb1a095ff4a9b\src\apimodules\qtssrawfilemodule.bproj\debug\qtssrawfilemodule.exp
e:\projects\gongchengjichu\prj_darwin_vs_fix-master-c474626d1752782be9e310331f4fb1a095ff4a9b\src\apimodules\qtssrawfilemodule.bproj\debug\qtssrawfilemodule_2022.ilk
e:\projects\gongchengjichu\prj_darwin_vs_fix-master-c474626d1752782be9e310331f4fb1a095ff4a9b\src\apimodules\qtssrawfilemodule.bproj\debug\qtssrawf.d8a5a235.tlog\bscmake.command.1.tlog
e:\projects\gongchengjichu\prj_darwin_vs_fix-master-c474626d1752782be9e310331f4fb1a095ff4a9b\src\apimodules\qtssrawfilemodule.bproj\debug\qtssrawf.d8a5a235.tlog\bscmake.read.1.tlog
e:\projects\gongchengjichu\prj_darwin_vs_fix-master-c474626d1752782be9e310331f4fb1a095ff4a9b\src\apimodules\qtssrawfilemodule.bproj\debug\qtssrawf.d8a5a235.tlog\bscmake.write.1.tlog
e:\projects\gongchengjichu\prj_darwin_vs_fix-master-c474626d1752782be9e310331f4fb1a095ff4a9b\src\apimodules\qtssrawfilemodule.bproj\debug\qtssrawf.d8a5a235.tlog\cl.command.1.tlog
e:\projects\gongchengjichu\prj_darwin_vs_fix-master-c474626d1752782be9e310331f4fb1a095ff4a9b\src\apimodules\qtssrawfilemodule.bproj\debug\qtssrawf.d8a5a235.tlog\cl.items.tlog
e:\projects\gongchengjichu\prj_darwin_vs_fix-master-c474626d1752782be9e310331f4fb1a095ff4a9b\src\apimodules\qtssrawfilemodule.bproj\debug\qtssrawf.d8a5a235.tlog\cl.read.1.tlog
e:\projects\gongchengjichu\prj_darwin_vs_fix-master-c474626d1752782be9e310331f4fb1a095ff4a9b\src\apimodules\qtssrawfilemodule.bproj\debug\qtssrawf.d8a5a235.tlog\cl.write.1.tlog
e:\projects\gongchengjichu\prj_darwin_vs_fix-master-c474626d1752782be9e310331f4fb1a095ff4a9b\src\apimodules\qtssrawfilemodule.bproj\debug\qtssrawf.d8a5a235.tlog\link.command.1.tlog
e:\projects\gongchengjichu\prj_darwin_vs_fix-master-c474626d1752782be9e310331f4fb1a095ff4a9b\src\apimodules\qtssrawfilemodule.bproj\debug\qtssrawf.d8a5a235.tlog\link.read.1.tlog
e:\projects\gongchengjichu\prj_darwin_vs_fix-master-c474626d1752782be9e310331f4fb1a095ff4a9b\src\apimodules\qtssrawfilemodule.bproj\debug\qtssrawf.d8a5a235.tlog\link.secondary.1.tlog
e:\projects\gongchengjichu\prj_darwin_vs_fix-master-c474626d1752782be9e310331f4fb1a095ff4a9b\src\apimodules\qtssrawfilemodule.bproj\debug\qtssrawf.d8a5a235.tlog\link.write.1.tlog
