e:\projects\gongchengjichu\prj_darwin_vs_fix-master-c474626d1752782be9e310331f4fb1a095ff4a9b\src\apimodules\qtssrefmoviemodule\debug\qtssrefmoviemodule_2022.bsc
e:\projects\gongchengjichu\prj_darwin_vs_fix-master-c474626d1752782be9e310331f4fb1a095ff4a9b\src\apimodules\qtssrefmoviemodule\debug\vc143.pdb
e:\projects\gongchengjichu\prj_darwin_vs_fix-master-c474626d1752782be9e310331f4fb1a095ff4a9b\src\apimodules\qtssrefmoviemodule\debug\osmemory_modules.sbr
e:\projects\gongchengjichu\prj_darwin_vs_fix-master-c474626d1752782be9e310331f4fb1a095ff4a9b\src\apimodules\qtssrefmoviemodule\debug\qtssrefmoviemodule.sbr
e:\projects\gongchengjichu\prj_darwin_vs_fix-master-c474626d1752782be9e310331f4fb1a095ff4a9b\src\apimodules\qtssrefmoviemodule\debug\qtssrefmoviemodule.obj
e:\projects\gongchengjichu\prj_darwin_vs_fix-master-c474626d1752782be9e310331f4fb1a095ff4a9b\src\apimodules\qtssrefmoviemodule\debug\osmemory_modules.obj
e:\projects\gongchengjichu\prj_darwin_vs_fix-master-c474626d1752782be9e310331f4fb1a095ff4a9b\src\winntsupport\debug\qtssrefmoviemodule.dll
e:\projects\gongchengjichu\prj_darwin_vs_fix-master-c474626d1752782be9e310331f4fb1a095ff4a9b\src\apimodules\qtssrefmoviemodule\debug\qtssrefmoviemodule_2022.pdb
e:\projects\gongchengjichu\prj_darwin_vs_fix-master-c474626d1752782be9e310331f4fb1a095ff4a9b\src\apimodules\qtssrefmoviemodule\debug\qtssrefmoviemodule.lib
e:\projects\gongchengjichu\prj_darwin_vs_fix-master-c474626d1752782be9e310331f4fb1a095ff4a9b\src\apimodules\qtssrefmoviemodule\debug\qtssrefmoviemodule.exp
e:\projects\gongchengjichu\prj_darwin_vs_fix-master-c474626d1752782be9e310331f4fb1a095ff4a9b\src\apimodules\qtssrefmoviemodule\debug\qtssrefmoviemodule_2022.ilk
e:\projects\gongchengjichu\prj_darwin_vs_fix-master-c474626d1752782be9e310331f4fb1a095ff4a9b\src\apimodules\qtssrefmoviemodule\debug\qtssrefm.113d38ec.tlog\bscmake.command.1.tlog
e:\projects\gongchengjichu\prj_darwin_vs_fix-master-c474626d1752782be9e310331f4fb1a095ff4a9b\src\apimodules\qtssrefmoviemodule\debug\qtssrefm.113d38ec.tlog\bscmake.read.1.tlog
e:\projects\gongchengjichu\prj_darwin_vs_fix-master-c474626d1752782be9e310331f4fb1a095ff4a9b\src\apimodules\qtssrefmoviemodule\debug\qtssrefm.113d38ec.tlog\bscmake.write.1.tlog
e:\projects\gongchengjichu\prj_darwin_vs_fix-master-c474626d1752782be9e310331f4fb1a095ff4a9b\src\apimodules\qtssrefmoviemodule\debug\qtssrefm.113d38ec.tlog\cl.command.1.tlog
e:\projects\gongchengjichu\prj_darwin_vs_fix-master-c474626d1752782be9e310331f4fb1a095ff4a9b\src\apimodules\qtssrefmoviemodule\debug\qtssrefm.113d38ec.tlog\cl.items.tlog
e:\projects\gongchengjichu\prj_darwin_vs_fix-master-c474626d1752782be9e310331f4fb1a095ff4a9b\src\apimodules\qtssrefmoviemodule\debug\qtssrefm.113d38ec.tlog\cl.read.1.tlog
e:\projects\gongchengjichu\prj_darwin_vs_fix-master-c474626d1752782be9e310331f4fb1a095ff4a9b\src\apimodules\qtssrefmoviemodule\debug\qtssrefm.113d38ec.tlog\cl.write.1.tlog
e:\projects\gongchengjichu\prj_darwin_vs_fix-master-c474626d1752782be9e310331f4fb1a095ff4a9b\src\apimodules\qtssrefmoviemodule\debug\qtssrefm.113d38ec.tlog\link.command.1.tlog
e:\projects\gongchengjichu\prj_darwin_vs_fix-master-c474626d1752782be9e310331f4fb1a095ff4a9b\src\apimodules\qtssrefmoviemodule\debug\qtssrefm.113d38ec.tlog\link.read.1.tlog
e:\projects\gongchengjichu\prj_darwin_vs_fix-master-c474626d1752782be9e310331f4fb1a095ff4a9b\src\apimodules\qtssrefmoviemodule\debug\qtssrefm.113d38ec.tlog\link.secondary.1.tlog
e:\projects\gongchengjichu\prj_darwin_vs_fix-master-c474626d1752782be9e310331f4fb1a095ff4a9b\src\apimodules\qtssrefmoviemodule\debug\qtssrefm.113d38ec.tlog\link.write.1.tlog
