  QTAtom.cpp
  QTAtom_dref.cpp
  QTAtom_elst.cpp
  QTAtom_hinf.cpp
  QTAtom_mdhd.cpp
  QTAtom_mvhd.cpp
  QTAtom_stco.cpp
  QTAtom_stsc.cpp
  QTAtom_stsd.cpp
  QTAtom_stss.cpp
  QTAtom_stsz.cpp
  QTAtom_stts.cpp
  QTAtom_tkhd.cpp
  QTAtom_tref.cpp
  QTFile.cpp
  QTFile_FileControlBlock.cpp
  QTHintTrack.cpp
  QTRTPFile.cpp
  QTTrack.cpp
  RTPMetaInfoPacket.cpp
  正在生成代码...
  QTFileLib_2022.vcxproj -> E:\Projects\GongChengJiChu\prj_Darwin_VS_fix-master-c474626d1752782be9e310331f4fb1a095ff4a9b\src\QTFileLib\Debug\QTFileLib_2022.lib
