e:\projects\gongchengjichu\prj_darwin_vs_fix-master-c474626d1752782be9e310331f4fb1a095ff4a9b\src\apimodules\qtssspamdefensemodule.bproj\debug\qtssspamdefensemodule_2022.bsc
e:\projects\gongchengjichu\prj_darwin_vs_fix-master-c474626d1752782be9e310331f4fb1a095ff4a9b\src\apimodules\qtssspamdefensemodule.bproj\debug\vc143.pdb
e:\projects\gongchengjichu\prj_darwin_vs_fix-master-c474626d1752782be9e310331f4fb1a095ff4a9b\src\apimodules\qtssspamdefensemodule.bproj\debug\osmemory_modules.sbr
e:\projects\gongchengjichu\prj_darwin_vs_fix-master-c474626d1752782be9e310331f4fb1a095ff4a9b\src\apimodules\qtssspamdefensemodule.bproj\debug\qtssspamdefensemodule.sbr
e:\projects\gongchengjichu\prj_darwin_vs_fix-master-c474626d1752782be9e310331f4fb1a095ff4a9b\src\apimodules\qtssspamdefensemodule.bproj\debug\qtssspamdefensemodule.obj
e:\projects\gongchengjichu\prj_darwin_vs_fix-master-c474626d1752782be9e310331f4fb1a095ff4a9b\src\apimodules\qtssspamdefensemodule.bproj\debug\osmemory_modules.obj
e:\projects\gongchengjichu\prj_darwin_vs_fix-master-c474626d1752782be9e310331f4fb1a095ff4a9b\src\winntsupport\dynmodules_disabled\debug\qtssspamdefensemodule.dll
e:\projects\gongchengjichu\prj_darwin_vs_fix-master-c474626d1752782be9e310331f4fb1a095ff4a9b\src\apimodules\qtssspamdefensemodule.bproj\debug\qtssspamdefensemodule_2022.pdb
e:\projects\gongchengjichu\prj_darwin_vs_fix-master-c474626d1752782be9e310331f4fb1a095ff4a9b\src\apimodules\qtssspamdefensemodule.bproj\debug\qtssspamdefensemodule.lib
e:\projects\gongchengjichu\prj_darwin_vs_fix-master-c474626d1752782be9e310331f4fb1a095ff4a9b\src\apimodules\qtssspamdefensemodule.bproj\debug\qtssspamdefensemodule.exp
e:\projects\gongchengjichu\prj_darwin_vs_fix-master-c474626d1752782be9e310331f4fb1a095ff4a9b\src\apimodules\qtssspamdefensemodule.bproj\debug\qtssspamdefensemodule_2022.ilk
e:\projects\gongchengjichu\prj_darwin_vs_fix-master-c474626d1752782be9e310331f4fb1a095ff4a9b\src\apimodules\qtssspamdefensemodule.bproj\debug\qtssspam.7ed40293.tlog\bscmake.command.1.tlog
e:\projects\gongchengjichu\prj_darwin_vs_fix-master-c474626d1752782be9e310331f4fb1a095ff4a9b\src\apimodules\qtssspamdefensemodule.bproj\debug\qtssspam.7ed40293.tlog\bscmake.read.1.tlog
e:\projects\gongchengjichu\prj_darwin_vs_fix-master-c474626d1752782be9e310331f4fb1a095ff4a9b\src\apimodules\qtssspamdefensemodule.bproj\debug\qtssspam.7ed40293.tlog\bscmake.write.1.tlog
e:\projects\gongchengjichu\prj_darwin_vs_fix-master-c474626d1752782be9e310331f4fb1a095ff4a9b\src\apimodules\qtssspamdefensemodule.bproj\debug\qtssspam.7ed40293.tlog\cl.command.1.tlog
e:\projects\gongchengjichu\prj_darwin_vs_fix-master-c474626d1752782be9e310331f4fb1a095ff4a9b\src\apimodules\qtssspamdefensemodule.bproj\debug\qtssspam.7ed40293.tlog\cl.items.tlog
e:\projects\gongchengjichu\prj_darwin_vs_fix-master-c474626d1752782be9e310331f4fb1a095ff4a9b\src\apimodules\qtssspamdefensemodule.bproj\debug\qtssspam.7ed40293.tlog\cl.read.1.tlog
e:\projects\gongchengjichu\prj_darwin_vs_fix-master-c474626d1752782be9e310331f4fb1a095ff4a9b\src\apimodules\qtssspamdefensemodule.bproj\debug\qtssspam.7ed40293.tlog\cl.write.1.tlog
e:\projects\gongchengjichu\prj_darwin_vs_fix-master-c474626d1752782be9e310331f4fb1a095ff4a9b\src\apimodules\qtssspamdefensemodule.bproj\debug\qtssspam.7ed40293.tlog\link.command.1.tlog
e:\projects\gongchengjichu\prj_darwin_vs_fix-master-c474626d1752782be9e310331f4fb1a095ff4a9b\src\apimodules\qtssspamdefensemodule.bproj\debug\qtssspam.7ed40293.tlog\link.read.1.tlog
e:\projects\gongchengjichu\prj_darwin_vs_fix-master-c474626d1752782be9e310331f4fb1a095ff4a9b\src\apimodules\qtssspamdefensemodule.bproj\debug\qtssspam.7ed40293.tlog\link.secondary.1.tlog
e:\projects\gongchengjichu\prj_darwin_vs_fix-master-c474626d1752782be9e310331f4fb1a095ff4a9b\src\apimodules\qtssspamdefensemodule.bproj\debug\qtssspam.7ed40293.tlog\link.write.1.tlog
