  QTSSReflectorModule.cpp
  QTSSRelayModule.cpp
  RCFSourceInfo.cpp
  ReflectorSession.cpp
  ReflectorStream.cpp
  RelayOutput.cpp
  RelaySDPSourceInfo.cpp
  RelaySession.cpp
  RTPSessionOutput.cpp
  RTSPSourceInfo.cpp
  SequenceNumberMap.cpp
  QTSSMP3StreamingModule.cpp
  AccessChecker.cpp
  AdminElementNode.cpp
  AdminQuery.cpp
  QTSSAccessLogModule.cpp
  QTSSAdminModule.cpp
  QTSSFileModule.cpp
  QTSSFlowControlModule.cpp
  QTSSPosixFileSysModule.cpp
  正在生成代码...
  正在编译...
  QTSSWebDebugModule.cpp
  QTSSWebStatsModule.cpp
  GenerateXMLPrefs.cpp
  OSMemory.cpp
  QTSSCallbacks.cpp
  QTSSDataConverter.cpp
  QTSSDictionary.cpp
  QTSSErrorLogModule.cpp
  QTSServer.cpp
  QTSServerInterface.cpp
  QTSServerPrefs.cpp
  QTSSExpirationDate.cpp
  QTSSFile.cpp
  QTSSMessages.cpp
  QTSSModule.cpp
  QTSSPrefs.cpp
  QTSSSocket.cpp
  RTCPTask.cpp
  RTPBandwidthTracker.cpp
  RTPPacketResender.cpp
  正在生成代码...
  正在编译...
  RTPSession.cpp
  RTPSessionInterface.cpp
  RTPStream.cpp
  RTSPProtocol.cpp
  RTSPRequest.cpp
  RTSPRequestInterface.cpp
  RTSPRequestStream.cpp
  RTSPResponseStream.cpp
  RTSPSession.cpp
  RTSPSessionInterface.cpp
  RunServer.cpp
  win32main.cpp
  ClientSocket.cpp
  RTSPClient.cpp
  RTCPAckPacket.cpp
  RTCPAPPPacket.cpp
  RTCPPacket.cpp
  RTCPSRPacket.cpp
  FilePrefsSource.cpp
  HTTPProtocol.cpp
  正在生成代码...
  正在编译...
  HTTPRequest.cpp
  InternalStdLib.cpp
  QTSSUserProfile.cpp
  RTPOverbufferWindow.cpp
  XMLParser.cpp
  XMLPrefsParser.cpp
  正在生成代码...
  QTSSAccessModule.cpp
    正在创建库 .\Debug\StreamingServer_2022.lib 和对象 .\Debug\StreamingServer_2022.exp
  StreamingServer_2022.vcxproj -> E:\Projects\GongChengJiChu\prj_Darwin_VS_fix-master-c474626d1752782be9e310331f4fb1a095ff4a9b\src\WinNTSupport\Debug\StreamingServer_2022.exe
